<?xml version="1.0" encoding="UTF-8"?>
<!-- Generated by org.testng.reporters.JUnitReportReporter -->
<testsuite hostname="Nyra" failures="0" tests="5" name="PriorityConcept" time="0.013" errors="0" timestamp="25 Dec 2022 21:10:18 GMT" skipped="0">
  <testcase classname="PriorityConcept" name="cTest" time="0.001"/>
  <testcase classname="PriorityConcept" name="bTest" time="0.011"/>
  <testcase classname="PriorityConcept" name="aTest" time="0.001"/>
  <testcase classname="PriorityConcept" name="dTest" time="0.000"/>
  <testcase classname="PriorityConcept" name="eTest" time="0.000"/>
</testsuite> <!-- PriorityConcept -->
