<?xml version="1.0" encoding="UTF-8"?>
<!-- Generated by org.testng.reporters.JUnitReportReporter -->
<testsuite hostname="Nyra" failures="0" tests="3" name="ApplicationTest" time="15.865" errors="0" timestamp="25 Dec 2022 20:05:06 GMT" skipped="0">
  <testcase classname="ApplicationTest" name="validateRegisterPage" time="3.525"/>
  <testcase classname="ApplicationTest" name="fillRegistrationForm" time="7.875"/>
  <testcase classname="ApplicationTest" name="validateLogo" time="4.465"/>
</testsuite> <!-- ApplicationTest -->
